

Version:	3.50
CmdLine:	C:\Users\ramch\OneDrive\Desktop\batch 10 project files\MineralChecker.exe --l4j-debug
JNI:		No
WOW64:		Yes
Working dir:	C:\Users\ramch\OneDrive\Desktop\batch 10 project files\.
Requires JDK:	No
Requires 64-Bit: No
Java min ver:	
Java max ver:	
Substitute:	JAVA_HOME = 
Substitute:	PATH = C:\VulkanSDK\\Bin;C:\Program Files\Java\jdk-11.0.26\bin;C:\WINDOWS\system32;C:\WINDOWS;C:\WINDOWS\System32\Wbem;C:\WINDOWS\System32\WindowsPowerShell\v1.0\;C:\WINDOWS\System32\OpenSSH\;C:\Program Files\HP\HP One Agent;C:\Program Files\Git\cmd;C:\Program Files\MySQL\MySQL Server 8.0\bin;C:\Program Files\nodejs\;D:\Maven\apache-maven-3.9.9-bin\apache-maven-3.9.9\bin;C:\MinGW\bin;C:\Users\ramch\Downloads\flutter_windows_3.29.2-stable\flutter\bin;C:\Users\ramch\AppData\Local\Pub\Cache\bin;C:\WINDOWS\system32;C:\WINDOWS;C:\WINDOWS\System32\Wbem;C:\WINDOWS\System32\WindowsPowerShell\v1.0\;C:\WINDOWS\System32\OpenSSH\;C:\Program Files (x86)\Windows Kits\10\Windows Performance Toolkit\;C:\Program Files\dotnet\;C:\Users\ramch\AppData\Local\Microsoft\WindowsApps;C:\Users\ramch\AppData\Local\GitHubDesktop\bin;C:\Users\ramch\AppData\Local\Programs\Microsoft VS Code\bin;C:\Users\ramch\AppData\Roaming\npm;;C:\Program Files\Java\jdk-11.0.26\bin
JRE paths:	;C:\VulkanSDK\\Bin;C:\Program Files\Java\jdk-11.0.26\bin;C:\WINDOWS\system32;C:\WINDOWS;C:\WINDOWS\System32\Wbem;C:\WINDOWS\System32\WindowsPowerShell\v1.0\;C:\WINDOWS\System32\OpenSSH\;C:\Program Files\HP\HP One Agent;C:\Program Files\Git\cmd;C:\Program Files\MySQL\MySQL Server 8.0\bin;C:\Program Files\nodejs\;D:\Maven\apache-maven-3.9.9-bin\apache-maven-3.9.9\bin;C:\MinGW\bin;C:\Users\ramch\Downloads\flutter_windows_3.29.2-stable\flutter\bin;C:\Users\ramch\AppData\Local\Pub\Cache\bin;C:\WINDOWS\system32;C:\WINDOWS;C:\WINDOWS\System32\Wbem;C:\WINDOWS\System32\WindowsPowerShell\v1.0\;C:\WINDOWS\System32\OpenSSH\;C:\Program Files (x86)\Windows Kits\10\Windows Performance Toolkit\;C:\Program Files\dotnet\;C:\Users\ramch\AppData\Local\Microsoft\WindowsApps;C:\Users\ramch\AppData\Local\GitHubDesktop\bin;C:\Users\ramch\AppData\Local\Programs\Microsoft VS Code\bin;C:\Users\ramch\AppData\Roaming\npm;;C:\Program Files\Java\jdk-11.0.26\bin
Check launcher:	C:\VulkanSDK\bin\javaw.exe (not found)
Check launcher:	C:\Program Files\Java\jdk-11.0.26\bin\javaw.exe (OK)
Version string: 1.011.000_026 / 64-Bit (OK)
Launcher:	C:\Program Files\Java\jdk-11.0.26\bin\javaw.exe
Launcher args:	-jar "C:\Users\ramch\OneDrive\Desktop\batch 10 project files\MineralChecker.exe"
Args length:	80/32768 chars
Exit code:	0


Version:	3.50
CmdLine:	C:\Users\ramch\OneDrive\Desktop\batch 10 project files\MineralChecker.exe --l4j-debug
JNI:		No
WOW64:		Yes
Working dir:	C:\Users\ramch\OneDrive\Desktop\batch 10 project files\.
Requires JDK:	No
Requires 64-Bit: No
Java min ver:	
Java max ver:	
Substitute:	JAVA_HOME = 
Substitute:	PATH = C:\VulkanSDK\\Bin;C:\Program Files\Java\jdk-11.0.26\bin;C:\WINDOWS\system32;C:\WINDOWS;C:\WINDOWS\System32\Wbem;C:\WINDOWS\System32\WindowsPowerShell\v1.0\;C:\WINDOWS\System32\OpenSSH\;C:\Program Files\HP\HP One Agent;C:\Program Files\Git\cmd;C:\Program Files\MySQL\MySQL Server 8.0\bin;C:\Program Files\nodejs\;D:\Maven\apache-maven-3.9.9-bin\apache-maven-3.9.9\bin;C:\MinGW\bin;C:\Users\ramch\Downloads\flutter_windows_3.29.2-stable\flutter\bin;C:\Users\ramch\AppData\Local\Pub\Cache\bin;C:\WINDOWS\system32;C:\WINDOWS;C:\WINDOWS\System32\Wbem;C:\WINDOWS\System32\WindowsPowerShell\v1.0\;C:\WINDOWS\System32\OpenSSH\;C:\Program Files (x86)\Windows Kits\10\Windows Performance Toolkit\;C:\Program Files\dotnet\;C:\Users\ramch\AppData\Local\Microsoft\WindowsApps;C:\Users\ramch\AppData\Local\GitHubDesktop\bin;C:\Users\ramch\AppData\Local\Programs\Microsoft VS Code\bin;C:\Users\ramch\AppData\Roaming\npm;;C:\Program Files\Java\jdk-11.0.26\bin
JRE paths:	;C:\VulkanSDK\\Bin;C:\Program Files\Java\jdk-11.0.26\bin;C:\WINDOWS\system32;C:\WINDOWS;C:\WINDOWS\System32\Wbem;C:\WINDOWS\System32\WindowsPowerShell\v1.0\;C:\WINDOWS\System32\OpenSSH\;C:\Program Files\HP\HP One Agent;C:\Program Files\Git\cmd;C:\Program Files\MySQL\MySQL Server 8.0\bin;C:\Program Files\nodejs\;D:\Maven\apache-maven-3.9.9-bin\apache-maven-3.9.9\bin;C:\MinGW\bin;C:\Users\ramch\Downloads\flutter_windows_3.29.2-stable\flutter\bin;C:\Users\ramch\AppData\Local\Pub\Cache\bin;C:\WINDOWS\system32;C:\WINDOWS;C:\WINDOWS\System32\Wbem;C:\WINDOWS\System32\WindowsPowerShell\v1.0\;C:\WINDOWS\System32\OpenSSH\;C:\Program Files (x86)\Windows Kits\10\Windows Performance Toolkit\;C:\Program Files\dotnet\;C:\Users\ramch\AppData\Local\Microsoft\WindowsApps;C:\Users\ramch\AppData\Local\GitHubDesktop\bin;C:\Users\ramch\AppData\Local\Programs\Microsoft VS Code\bin;C:\Users\ramch\AppData\Roaming\npm;;C:\Program Files\Java\jdk-11.0.26\bin
Check launcher:	C:\VulkanSDK\bin\javaw.exe (not found)
Check launcher:	C:\Program Files\Java\jdk-11.0.26\bin\javaw.exe (OK)
Version string: 1.011.000_026 / 64-Bit (OK)
Launcher:	C:\Program Files\Java\jdk-11.0.26\bin\javaw.exe
Launcher args:	-jar "C:\Users\ramch\OneDrive\Desktop\batch 10 project files\MineralChecker.exe"
Args length:	80/32768 chars
Exit code:	0


Version:	3.50
CmdLine:	C:\Users\ramch\OneDrive\Desktop\batch 10 project files\MineralChecker.exe --l4j-debug
JNI:		No
WOW64:		Yes
Working dir:	C:\Users\ramch\OneDrive\Desktop\batch 10 project files\.
Requires JDK:	No
Requires 64-Bit: No
Java min ver:	
Java max ver:	
Substitute:	JAVA_HOME = 
Substitute:	PATH = C:\VulkanSDK\\Bin;C:\Program Files\Java\jdk-11.0.26\bin;C:\WINDOWS\system32;C:\WINDOWS;C:\WINDOWS\System32\Wbem;C:\WINDOWS\System32\WindowsPowerShell\v1.0\;C:\WINDOWS\System32\OpenSSH\;C:\Program Files\HP\HP One Agent;C:\Program Files\Git\cmd;C:\Program Files\MySQL\MySQL Server 8.0\bin;C:\Program Files\nodejs\;D:\Maven\apache-maven-3.9.9-bin\apache-maven-3.9.9\bin;C:\MinGW\bin;C:\Users\ramch\Downloads\flutter_windows_3.29.2-stable\flutter\bin;C:\Users\ramch\AppData\Local\Pub\Cache\bin;C:\WINDOWS\system32;C:\WINDOWS;C:\WINDOWS\System32\Wbem;C:\WINDOWS\System32\WindowsPowerShell\v1.0\;C:\WINDOWS\System32\OpenSSH\;C:\Program Files (x86)\Windows Kits\10\Windows Performance Toolkit\;C:\Program Files\dotnet\;C:\Users\ramch\AppData\Local\Microsoft\WindowsApps;C:\Users\ramch\AppData\Local\GitHubDesktop\bin;C:\Users\ramch\AppData\Local\Programs\Microsoft VS Code\bin;C:\Users\ramch\AppData\Roaming\npm;;C:\Program Files\Java\jdk-11.0.26\bin
JRE paths:	;C:\VulkanSDK\\Bin;C:\Program Files\Java\jdk-11.0.26\bin;C:\WINDOWS\system32;C:\WINDOWS;C:\WINDOWS\System32\Wbem;C:\WINDOWS\System32\WindowsPowerShell\v1.0\;C:\WINDOWS\System32\OpenSSH\;C:\Program Files\HP\HP One Agent;C:\Program Files\Git\cmd;C:\Program Files\MySQL\MySQL Server 8.0\bin;C:\Program Files\nodejs\;D:\Maven\apache-maven-3.9.9-bin\apache-maven-3.9.9\bin;C:\MinGW\bin;C:\Users\ramch\Downloads\flutter_windows_3.29.2-stable\flutter\bin;C:\Users\ramch\AppData\Local\Pub\Cache\bin;C:\WINDOWS\system32;C:\WINDOWS;C:\WINDOWS\System32\Wbem;C:\WINDOWS\System32\WindowsPowerShell\v1.0\;C:\WINDOWS\System32\OpenSSH\;C:\Program Files (x86)\Windows Kits\10\Windows Performance Toolkit\;C:\Program Files\dotnet\;C:\Users\ramch\AppData\Local\Microsoft\WindowsApps;C:\Users\ramch\AppData\Local\GitHubDesktop\bin;C:\Users\ramch\AppData\Local\Programs\Microsoft VS Code\bin;C:\Users\ramch\AppData\Roaming\npm;;C:\Program Files\Java\jdk-11.0.26\bin
Check launcher:	C:\VulkanSDK\bin\javaw.exe (not found)
Check launcher:	C:\Program Files\Java\jdk-11.0.26\bin\javaw.exe (OK)
Version string: 1.011.000_026 / 64-Bit (OK)
Launcher:	C:\Program Files\Java\jdk-11.0.26\bin\javaw.exe
Launcher args:	-jar "C:\Users\ramch\OneDrive\Desktop\batch 10 project files\MineralChecker.exe"
Args length:	80/32768 chars
Exit code:	0
